<?xml version="1.0" encoding="UTF-8"?>
<!-- Generated by org.testng.reporters.JUnitXMLReporter -->
<testsuite ignored="2" hostname="DESKTOP-I5T74FL" failures="1" tests="2" name="Test2" time="1.081" errors="0" timestamp="2023-09-12T11:25:31 IST">
  <testcase classname="com.llistener1.itestclass" name="test3" time="1.018">
    <failure type="org.testng.internal.thread.ThreadTimeoutException" message="Method com.llistener1.itestclass.test3() didn&amp;apos;t finish within the time-out 1000">
      <![CDATA[org.testng.internal.thread.ThreadTimeoutException: Method com.llistener1.itestclass.test3() didn't finish within the time-out 1000
at java.base/java.util.ArrayList.forEach(ArrayList.java:1511)
... Removed 24 stack frames]]>
    </failure>
  </testcase> <!-- test3 -->
  <testcase classname="com.llistener1.itestclass" name="test4" time="0.0">
    <skipped/>
  </testcase> <!-- test4 -->
  <testcase classname="com.llistener1.itestclass" name="test1" time="0.0">
    <ignored/>
  </testcase> <!-- test1 -->
  <testcase classname="com.llistener1.itestclass" name="test2" time="0.0">
    <ignored/>
  </testcase> <!-- test2 -->
</testsuite> <!-- Test2 -->
