<?xml version="1.0" encoding="UTF-8"?>
<!-- Generated by org.testng.reporters.JUnitXMLReporter -->
<testsuite ignored="2" hostname="DESKTOP-I5T74FL" failures="1" tests="2" name="Test1" time="0.198" errors="0" timestamp="2023-09-12T11:25:29 IST">
  <testcase classname="com.llistener1.itestclass" name="test1" time="0.04"/>
  <testcase classname="com.llistener1.itestclass" name="test2" time="0.029">
    <failure type="java.lang.AssertionError" message="expected [true] but found [false]">
      <![CDATA[java.lang.AssertionError: expected [true] but found [false]
at com.llistener1.itestclass.test2(itestclass.java:20)
at java.base/java.util.ArrayList.forEach(ArrayList.java:1511)
... Removed 31 stack frames]]>
    </failure>
  </testcase> <!-- test2 -->
  <testcase classname="com.llistener1.itestclass" name="test4" time="0.0">
    <ignored/>
  </testcase> <!-- test4 -->
  <testcase classname="com.llistener1.itestclass" name="test3" time="0.0">
    <ignored/>
  </testcase> <!-- test3 -->
</testsuite> <!-- Test1 -->
