<?xml version="1.0" encoding="UTF-8"?>
<!-- Generated by org.testng.reporters.JUnitXMLReporter -->
<testsuite ignored="0" hostname="DESKTOP-I5T74FL" failures="0" tests="1" name="admin login test with valid data" time="0.066" errors="0" timestamp="2023-07-11T12:48:44 IST">
  <testcase classname="orangehrm.testcases.AdminlogintestwithvalidinputsTNG" name="checkadminloginTng" time="0.0">
    <skipped/>
  </testcase> <!-- checkadminloginTng -->
</testsuite> <!-- admin login test with valid data -->
