<?xml version="1.0" encoding="UTF-8"?>
<!-- Generated by org.testng.reporters.JUnitXMLReporter -->
<testsuite ignored="0" hostname="DESKTOP-I5T74FL" failures="0" tests="1" name="employee login test" time="0.011" errors="0" timestamp="2023-07-11T12:48:45 IST">
  <testcase classname="Utils.BaseUtils" name="@BeforeSuite launchApp" time="-1.689059924494E9">
    <failure type="org.testng.TestNGException" message="
Can inject only one of &amp;lt;ITestContext, XmlTest&amp;gt; into a @BeforeSuite annotated launchApp.
For more information on native dependency injection please refer to https://testng.org/doc/documentation-main.html#native-dependency-injection">
      <![CDATA[org.testng.TestNGException: 
Can inject only one of <ITestContext, XmlTest> into a @BeforeSuite annotated launchApp.
For more information on native dependency injection please refer to https://testng.org/doc/documentation-main.html#native-dependency-injection
... Removed 16 stack frames]]>
    </failure>
  </testcase> <!-- @BeforeSuite launchApp -->
  <testcase classname="orangehrm.testcases.EmplogintestTNG" name="checkemplogin" time="0.0">
    <skipped/>
  </testcase> <!-- checkemplogin -->
</testsuite> <!-- employee login test -->
