<?xml version="1.0" encoding="UTF-8"?>
<!-- Generated by org.testng.reporters.JUnitXMLReporter -->
<testsuite ignored="0" hostname="DESKTOP-I5T74FL" failures="0" tests="1" name="new employee registration test" time="0.083" errors="0" timestamp="2023-07-11T12:48:44 IST">
  <testcase classname="orangehrm.library.AdminModuleUtils" name="@BeforeTest adminLogin" time="-1.689059924854E9">
    <skipped/>
  </testcase> <!-- @BeforeTest adminLogin -->
  <testcase classname="orangehrm.library.AdminModuleUtils" name="@AfterTest adminlogout" time="-1.689059924922E9">
    <skipped/>
  </testcase> <!-- @AfterTest adminlogout -->
  <testcase classname="orangehrm.testcases.EmpregtestTNG" name="checkEmpreg" time="0.0">
    <skipped/>
  </testcase> <!-- checkEmpreg -->
</testsuite> <!-- new employee registration test -->
