<?xml version="1.0" encoding="UTF-8"?>
<testng-results ignored="0" total="1" passed="1" failed="0" skipped="0">
  <reporter-output>
  </reporter-output>
  <suite started-at="2023-07-14T16:56:36 IST" name="Default suite" finished-at="2023-07-14T16:56:56 IST" duration-ms="19902">
    <groups>
    </groups>
    <test started-at="2023-07-14T16:56:36 IST" name="Default test" finished-at="2023-07-14T16:56:56 IST" duration-ms="19902">
      <class name="Testcases.NurseryTest">
        <test-method is-config="true" signature="launchbrowser()[pri:0, instance:Testcases.NurseryTest@202b0582]" started-at="2023-07-14T16:56:36 IST" name="launchbrowser" finished-at="2023-07-14T16:56:54 IST" duration-ms="18603" status="PASS">
          <reporter-output>
          </reporter-output>
        </test-method> <!-- launchbrowser -->
        <test-method signature="GardenTest()[pri:0, instance:Testcases.NurseryTest@202b0582]" started-at="2023-07-14T16:56:54 IST" name="GardenTest" finished-at="2023-07-14T16:56:56 IST" duration-ms="1117" status="PASS">
          <reporter-output>
          </reporter-output>
        </test-method> <!-- GardenTest -->
      </class> <!-- Testcases.NurseryTest -->
    </test> <!-- Default test -->
  </suite> <!-- Default suite -->
</testng-results>
