<?xml version="1.0" encoding="UTF-8"?>
<testng-results ignored="0" total="2" passed="2" failed="0" skipped="0">
  <reporter-output>
  </reporter-output>
  <suite started-at="2023-03-21T12:57:45 IST" name="gmail test suite " finished-at="2023-03-21T12:57:46 IST" duration-ms="670">
    <groups>
    </groups>
    <test started-at="2023-03-21T12:57:45 IST" name="send mail test case" finished-at="2023-03-21T12:57:46 IST" duration-ms="220">
      <class name="gmail.sentmailtest">
        <test-method is-config="true" signature="gmaillogin()[pri:0, instance:gmail.sentmailtest@a3d8174]" started-at="2023-03-21T12:57:46 IST" name="gmaillogin" finished-at="2023-03-21T12:57:46 IST" duration-ms="1" status="PASS">
          <reporter-output>
          </reporter-output>
        </test-method> <!-- gmaillogin -->
        <test-method signature="gmailsent(java.lang.String,java.lang.String)[pri:0, instance:gmail.sentmailtest@a3d8174]" started-at="2023-03-21T12:57:46 IST" name="gmailsent" finished-at="2023-03-21T12:57:46 IST" duration-ms="38" status="PASS">
          <params>
            <param index="0">
              <value>
                <![CDATA[fbfdhhfhfd@gmail.com]]>
              </value>
            </param>
            <param index="1">
              <value>
                <![CDATA[xchskdhkhkhkfh]]>
              </value>
            </param>
          </params>
          <reporter-output>
          </reporter-output>
        </test-method> <!-- gmailsent -->
        <test-method is-config="true" signature="gmaillogout()[pri:0, instance:gmail.sentmailtest@a3d8174]" started-at="2023-03-21T12:57:46 IST" name="gmaillogout" finished-at="2023-03-21T12:57:46 IST" duration-ms="12" status="PASS">
          <reporter-output>
          </reporter-output>
        </test-method> <!-- gmaillogout -->
      </class> <!-- gmail.sentmailtest -->
    </test> <!-- send mail test case -->
    <test started-at="2023-03-21T12:57:46 IST" name="recieve mail test" finished-at="2023-03-21T12:57:46 IST" duration-ms="35">
      <class name="gmail.Receivemailtest">
        <test-method is-config="true" signature="launchgmail()[pri:0, instance:gmail.Receivemailtest@1e683a3e]" started-at="2023-03-21T12:57:45 IST" name="launchgmail" finished-at="2023-03-21T12:57:45 IST" duration-ms="30" status="PASS">
          <reporter-output>
          </reporter-output>
        </test-method> <!-- launchgmail -->
        <test-method is-config="true" signature="gmaillogin()[pri:0, instance:gmail.Receivemailtest@1e683a3e]" started-at="2023-03-21T12:57:46 IST" name="gmaillogin" finished-at="2023-03-21T12:57:46 IST" duration-ms="1" status="PASS">
          <reporter-output>
          </reporter-output>
        </test-method> <!-- gmaillogin -->
        <test-method signature="receivemailtest()[pri:0, instance:gmail.Receivemailtest@1e683a3e]" started-at="2023-03-21T12:57:46 IST" name="receivemailtest" finished-at="2023-03-21T12:57:46 IST" duration-ms="13" status="PASS">
          <reporter-output>
          </reporter-output>
        </test-method> <!-- receivemailtest -->
        <test-method is-config="true" signature="gmaillogout()[pri:0, instance:gmail.Receivemailtest@1e683a3e]" started-at="2023-03-21T12:57:46 IST" name="gmaillogout" finished-at="2023-03-21T12:57:46 IST" duration-ms="1" status="PASS">
          <reporter-output>
          </reporter-output>
        </test-method> <!-- gmaillogout -->
        <test-method is-config="true" signature="closeapp()[pri:0, instance:gmail.Receivemailtest@1e683a3e]" started-at="2023-03-21T12:57:46 IST" name="closeapp" finished-at="2023-03-21T12:57:46 IST" duration-ms="1" status="PASS">
          <reporter-output>
          </reporter-output>
        </test-method> <!-- closeapp -->
      </class> <!-- gmail.Receivemailtest -->
    </test> <!-- recieve mail test -->
  </suite> <!-- gmail test suite  -->
</testng-results>
